<?xml version="1.0" encoding="UTF-8"?>
<robot generator="Robot 4.0.3 (Python 3.9.6 on win32)" generated="20210716 18:49:17.370" rpa="false" schemaversion="2">
<suite id="s1" name="Estrutura Condicional" source="C:\Users\mtenorio\treinamentoGIT\estrutura_condicional.robot">
<test id="s1-t1" name="Validar Idade">
<kw name="Verifica Maior Idade">
<arg>18</arg>
<if>
<branch type="IF" condition="'${Idade}' &gt;= &quot;18&quot;">
<kw name="Log To Console" library="BuiltIn">
<arg>Maior de Idade</arg>
<doc>Logs the given message to the console.</doc>
<status status="PASS" starttime="20210716 18:49:17.463" endtime="20210716 18:49:17.464"/>
</kw>
<status status="PASS" starttime="20210716 18:49:17.463" endtime="20210716 18:49:17.465"/>
</branch>
<status status="PASS" starttime="20210716 18:49:17.463" endtime="20210716 18:49:17.465"/>
</if>
<status status="PASS" starttime="20210716 18:49:17.460" endtime="20210716 18:49:17.465"/>
</kw>
<status status="PASS" starttime="20210716 18:49:17.458" endtime="20210716 18:49:17.467"/>
</test>
<test id="s1-t2" name="Verificar Numero 5">
<kw name="Create List" library="BuiltIn">
<var>@{Numeros}</var>
<arg>1</arg>
<arg>2</arg>
<arg>3</arg>
<arg>4</arg>
<arg>5</arg>
<arg>6</arg>
<arg>7</arg>
<arg>8</arg>
<arg>9</arg>
<arg>10</arg>
<doc>Returns a list containing given items.</doc>
<msg timestamp="20210716 18:49:17.471" level="INFO">@{Numeros} = [ 1 | 2 | 3 | 4 | 5 | 6 | 7 | 8 | 9 | 10 ]</msg>
<status status="PASS" starttime="20210716 18:49:17.470" endtime="20210716 18:49:17.471"/>
</kw>
<kw name="Encontrar Numero 5">
<arg>@{Numeros}</arg>
<for flavor="IN">
<var>${NÚMERO_ATUAL}</var>
<value>@{Numeros}</value>
<iter>
<var name="${NÚMERO_ATUAL}">1</var>
<if>
<branch type="IF" condition="'${NÚMERO_ATUAL}' == &quot;5&quot;">
<kw name="Log To Console" library="BuiltIn">
<arg>"${NÚMERO_ATUAL}-SUCESSO'</arg>
<doc>Logs the given message to the console.</doc>
<status status="NOT RUN" starttime="20210716 18:49:17.472" endtime="20210716 18:49:17.472"/>
</kw>
<status status="NOT RUN" starttime="20210716 18:49:17.472" endtime="20210716 18:49:17.472"/>
</branch>
<status status="PASS" starttime="20210716 18:49:17.472" endtime="20210716 18:49:17.472"/>
</if>
<status status="PASS" starttime="20210716 18:49:17.472" endtime="20210716 18:49:17.472"/>
</iter>
<iter>
<var name="${NÚMERO_ATUAL}">2</var>
<if>
<branch type="IF" condition="'${NÚMERO_ATUAL}' == &quot;5&quot;">
<kw name="Log To Console" library="BuiltIn">
<arg>"${NÚMERO_ATUAL}-SUCESSO'</arg>
<doc>Logs the given message to the console.</doc>
<status status="NOT RUN" starttime="20210716 18:49:17.473" endtime="20210716 18:49:17.473"/>
</kw>
<status status="NOT RUN" starttime="20210716 18:49:17.473" endtime="20210716 18:49:17.473"/>
</branch>
<status status="PASS" starttime="20210716 18:49:17.472" endtime="20210716 18:49:17.473"/>
</if>
<status status="PASS" starttime="20210716 18:49:17.472" endtime="20210716 18:49:17.473"/>
</iter>
<iter>
<var name="${NÚMERO_ATUAL}">3</var>
<if>
<branch type="IF" condition="'${NÚMERO_ATUAL}' == &quot;5&quot;">
<kw name="Log To Console" library="BuiltIn">
<arg>"${NÚMERO_ATUAL}-SUCESSO'</arg>
<doc>Logs the given message to the console.</doc>
<status status="NOT RUN" starttime="20210716 18:49:17.474" endtime="20210716 18:49:17.474"/>
</kw>
<status status="NOT RUN" starttime="20210716 18:49:17.474" endtime="20210716 18:49:17.475"/>
</branch>
<status status="PASS" starttime="20210716 18:49:17.473" endtime="20210716 18:49:17.475"/>
</if>
<status status="PASS" starttime="20210716 18:49:17.473" endtime="20210716 18:49:17.475"/>
</iter>
<iter>
<var name="${NÚMERO_ATUAL}">4</var>
<if>
<branch type="IF" condition="'${NÚMERO_ATUAL}' == &quot;5&quot;">
<kw name="Log To Console" library="BuiltIn">
<arg>"${NÚMERO_ATUAL}-SUCESSO'</arg>
<doc>Logs the given message to the console.</doc>
<status status="NOT RUN" starttime="20210716 18:49:17.477" endtime="20210716 18:49:17.477"/>
</kw>
<status status="NOT RUN" starttime="20210716 18:49:17.476" endtime="20210716 18:49:17.477"/>
</branch>
<status status="PASS" starttime="20210716 18:49:17.475" endtime="20210716 18:49:17.477"/>
</if>
<status status="PASS" starttime="20210716 18:49:17.475" endtime="20210716 18:49:17.477"/>
</iter>
<iter>
<var name="${NÚMERO_ATUAL}">5</var>
<if>
<branch type="IF" condition="'${NÚMERO_ATUAL}' == &quot;5&quot;">
<kw name="Log To Console" library="BuiltIn">
<arg>"${NÚMERO_ATUAL}-SUCESSO'</arg>
<doc>Logs the given message to the console.</doc>
<status status="PASS" starttime="20210716 18:49:17.477" endtime="20210716 18:49:17.478"/>
</kw>
<status status="PASS" starttime="20210716 18:49:17.477" endtime="20210716 18:49:17.478"/>
</branch>
<status status="PASS" starttime="20210716 18:49:17.477" endtime="20210716 18:49:17.478"/>
</if>
<status status="PASS" starttime="20210716 18:49:17.477" endtime="20210716 18:49:17.478"/>
</iter>
<iter>
<var name="${NÚMERO_ATUAL}">6</var>
<if>
<branch type="IF" condition="'${NÚMERO_ATUAL}' == &quot;5&quot;">
<kw name="Log To Console" library="BuiltIn">
<arg>"${NÚMERO_ATUAL}-SUCESSO'</arg>
<doc>Logs the given message to the console.</doc>
<status status="NOT RUN" starttime="20210716 18:49:17.479" endtime="20210716 18:49:17.480"/>
</kw>
<status status="NOT RUN" starttime="20210716 18:49:17.479" endtime="20210716 18:49:17.480"/>
</branch>
<status status="PASS" starttime="20210716 18:49:17.479" endtime="20210716 18:49:17.480"/>
</if>
<status status="PASS" starttime="20210716 18:49:17.478" endtime="20210716 18:49:17.481"/>
</iter>
<iter>
<var name="${NÚMERO_ATUAL}">7</var>
<if>
<branch type="IF" condition="'${NÚMERO_ATUAL}' == &quot;5&quot;">
<kw name="Log To Console" library="BuiltIn">
<arg>"${NÚMERO_ATUAL}-SUCESSO'</arg>
<doc>Logs the given message to the console.</doc>
<status status="NOT RUN" starttime="20210716 18:49:17.482" endtime="20210716 18:49:17.482"/>
</kw>
<status status="NOT RUN" starttime="20210716 18:49:17.481" endtime="20210716 18:49:17.482"/>
</branch>
<status status="PASS" starttime="20210716 18:49:17.481" endtime="20210716 18:49:17.482"/>
</if>
<status status="PASS" starttime="20210716 18:49:17.481" endtime="20210716 18:49:17.482"/>
</iter>
<iter>
<var name="${NÚMERO_ATUAL}">8</var>
<if>
<branch type="IF" condition="'${NÚMERO_ATUAL}' == &quot;5&quot;">
<kw name="Log To Console" library="BuiltIn">
<arg>"${NÚMERO_ATUAL}-SUCESSO'</arg>
<doc>Logs the given message to the console.</doc>
<status status="NOT RUN" starttime="20210716 18:49:17.483" endtime="20210716 18:49:17.483"/>
</kw>
<status status="NOT RUN" starttime="20210716 18:49:17.483" endtime="20210716 18:49:17.483"/>
</branch>
<status status="PASS" starttime="20210716 18:49:17.483" endtime="20210716 18:49:17.483"/>
</if>
<status status="PASS" starttime="20210716 18:49:17.482" endtime="20210716 18:49:17.483"/>
</iter>
<iter>
<var name="${NÚMERO_ATUAL}">9</var>
<if>
<branch type="IF" condition="'${NÚMERO_ATUAL}' == &quot;5&quot;">
<kw name="Log To Console" library="BuiltIn">
<arg>"${NÚMERO_ATUAL}-SUCESSO'</arg>
<doc>Logs the given message to the console.</doc>
<status status="NOT RUN" starttime="20210716 18:49:17.484" endtime="20210716 18:49:17.484"/>
</kw>
<status status="NOT RUN" starttime="20210716 18:49:17.484" endtime="20210716 18:49:17.484"/>
</branch>
<status status="PASS" starttime="20210716 18:49:17.483" endtime="20210716 18:49:17.484"/>
</if>
<status status="PASS" starttime="20210716 18:49:17.483" endtime="20210716 18:49:17.484"/>
</iter>
<iter>
<var name="${NÚMERO_ATUAL}">10</var>
<if>
<branch type="IF" condition="'${NÚMERO_ATUAL}' == &quot;5&quot;">
<kw name="Log To Console" library="BuiltIn">
<arg>"${NÚMERO_ATUAL}-SUCESSO'</arg>
<doc>Logs the given message to the console.</doc>
<status status="NOT RUN" starttime="20210716 18:49:17.485" endtime="20210716 18:49:17.485"/>
</kw>
<status status="NOT RUN" starttime="20210716 18:49:17.485" endtime="20210716 18:49:17.485"/>
</branch>
<status status="PASS" starttime="20210716 18:49:17.485" endtime="20210716 18:49:17.485"/>
</if>
<status status="PASS" starttime="20210716 18:49:17.484" endtime="20210716 18:49:17.485"/>
</iter>
<status status="PASS" starttime="20210716 18:49:17.471" endtime="20210716 18:49:17.485"/>
</for>
<status status="PASS" starttime="20210716 18:49:17.471" endtime="20210716 18:49:17.485"/>
</kw>
<status status="PASS" starttime="20210716 18:49:17.470" endtime="20210716 18:49:17.486"/>
</test>
<status status="PASS" starttime="20210716 18:49:17.373" endtime="20210716 18:49:17.487"/>
</suite>
<statistics>
<total>
<stat pass="2" fail="0" skip="0">All Tests</stat>
</total>
<tag>
</tag>
<suite>
<stat pass="2" fail="0" skip="0" id="s1" name="Estrutura Condicional">Estrutura Condicional</stat>
</suite>
</statistics>
<errors>
</errors>
</robot>
