<?xml version="1.0" encoding="UTF-8"?>
<robot generator="Robot 4.0.3 (Python 3.9.6 on win32)" generated="20210720 20:44:34.820" rpa="false" schemaversion="2">
<suite id="s1" name="Cadastro" source="C:\Users\mtenorio\treinamentoGIT\cadastro.robot">
<test id="s1-t1" name="Cenário: Cadastro de Cliente">
<kw name="Open Browser" library="SeleniumLibrary">
<arg>http://automationpractice.com/index.php</arg>
<arg>Chrome</arg>
<doc>Opens a new browser instance to the optional ``url``.</doc>
<msg timestamp="20210720 20:44:35.013" level="INFO">Opening browser 'Chrome' to base url 'http://automationpractice.com/index.php'.</msg>
<status status="PASS" starttime="20210720 20:44:35.013" endtime="20210720 20:44:57.906"/>
</kw>
<kw name="Maximize Browser Window" library="SeleniumLibrary">
<doc>Maximizes current browser window.</doc>
<status status="PASS" starttime="20210720 20:44:57.907" endtime="20210720 20:44:58.075"/>
</kw>
<kw name="Set Selenium Timeout" library="SeleniumLibrary">
<arg>60</arg>
<doc>Sets the timeout that is used by various keywords.</doc>
<status status="PASS" starttime="20210720 20:44:58.076" endtime="20210720 20:44:58.083"/>
</kw>
<kw name="Click Element" library="SeleniumLibrary">
<arg>xpath=//a[@class='login']</arg>
<doc>Click the element identified by ``locator``.</doc>
<msg timestamp="20210720 20:44:58.084" level="INFO">Clicking element 'xpath=//a[@class='login']'.</msg>
<status status="PASS" starttime="20210720 20:44:58.083" endtime="20210720 20:45:03.931"/>
</kw>
<kw name="Input Text" library="SeleniumLibrary">
<arg>id=email_create</arg>
<arg>salete@gmail.com</arg>
<doc>Types the given ``text`` into the text field identified by ``locator``.</doc>
<msg timestamp="20210720 20:45:03.934" level="INFO">Typing text 'salete@gmail.com' into text field 'id=email_create'.</msg>
<status status="PASS" starttime="20210720 20:45:03.933" endtime="20210720 20:45:04.064"/>
</kw>
<kw name="Click Element" library="SeleniumLibrary">
<arg>id=SubmitCreate</arg>
<doc>Click the element identified by ``locator``.</doc>
<msg timestamp="20210720 20:45:04.066" level="INFO">Clicking element 'id=SubmitCreate'.</msg>
<status status="PASS" starttime="20210720 20:45:04.065" endtime="20210720 20:45:04.149"/>
</kw>
<kw name="Wait Until Element Is Visible" library="SeleniumLibrary">
<arg>id=id_gender2</arg>
<doc>Waits until the element ``locator`` is visible.</doc>
<status status="PASS" starttime="20210720 20:45:04.150" endtime="20210720 20:45:07.231"/>
</kw>
<kw name="Click Element" library="SeleniumLibrary">
<arg>id=id_gender2</arg>
<doc>Click the element identified by ``locator``.</doc>
<msg timestamp="20210720 20:45:07.232" level="INFO">Clicking element 'id=id_gender2'.</msg>
<status status="PASS" starttime="20210720 20:45:07.231" endtime="20210720 20:45:07.301"/>
</kw>
<kw name="Input Text" library="SeleniumLibrary">
<arg>id=customer_firstname</arg>
<arg>Salete</arg>
<doc>Types the given ``text`` into the text field identified by ``locator``.</doc>
<msg timestamp="20210720 20:45:07.302" level="INFO">Typing text 'Salete' into text field 'id=customer_firstname'.</msg>
<status status="PASS" starttime="20210720 20:45:07.302" endtime="20210720 20:45:07.436"/>
</kw>
<kw name="Input Text" library="SeleniumLibrary">
<arg>id=customer_lastname</arg>
<arg>Tenorio</arg>
<doc>Types the given ``text`` into the text field identified by ``locator``.</doc>
<msg timestamp="20210720 20:45:07.438" level="INFO">Typing text 'Tenorio' into text field 'id=customer_lastname'.</msg>
<status status="PASS" starttime="20210720 20:45:07.437" endtime="20210720 20:45:07.585"/>
</kw>
<kw name="Input Text" library="SeleniumLibrary">
<arg>id=passwd</arg>
<arg>1Abc6</arg>
<doc>Types the given ``text`` into the text field identified by ``locator``.</doc>
<msg timestamp="20210720 20:45:07.586" level="INFO">Typing text '1Abc6' into text field 'id=passwd'.</msg>
<status status="PASS" starttime="20210720 20:45:07.585" endtime="20210720 20:45:07.770"/>
</kw>
<kw name="Select From List By Value" library="SeleniumLibrary">
<arg>id=days</arg>
<arg>20</arg>
<doc>Selects options from selection list ``locator`` by ``values``.</doc>
<msg timestamp="20210720 20:45:07.773" level="INFO">Selecting options from selection list 'id=days' by value 20.</msg>
<status status="PASS" starttime="20210720 20:45:07.771" endtime="20210720 20:45:07.886"/>
</kw>
<kw name="Select From List By Value" library="SeleniumLibrary">
<arg>id=months</arg>
<arg>5</arg>
<doc>Selects options from selection list ``locator`` by ``values``.</doc>
<msg timestamp="20210720 20:45:07.889" level="INFO">Selecting options from selection list 'id=months' by value 5.</msg>
<status status="PASS" starttime="20210720 20:45:07.887" endtime="20210720 20:45:07.991"/>
</kw>
<kw name="Select From List By Value" library="SeleniumLibrary">
<arg>id=years</arg>
<arg>2021</arg>
<doc>Selects options from selection list ``locator`` by ``values``.</doc>
<msg timestamp="20210720 20:45:07.994" level="INFO">Selecting options from selection list 'id=years' by value 2021.</msg>
<status status="PASS" starttime="20210720 20:45:07.993" endtime="20210720 20:45:08.096"/>
</kw>
<kw name="Input Text" library="SeleniumLibrary">
<arg>id=firstname</arg>
<arg>Salete</arg>
<doc>Types the given ``text`` into the text field identified by ``locator``.</doc>
<msg timestamp="20210720 20:45:08.097" level="INFO">Typing text 'Salete' into text field 'id=firstname'.</msg>
<status status="PASS" starttime="20210720 20:45:08.097" endtime="20210720 20:45:08.231"/>
</kw>
<kw name="Input Text" library="SeleniumLibrary">
<arg>id=lastname</arg>
<arg>Tenorio</arg>
<doc>Types the given ``text`` into the text field identified by ``locator``.</doc>
<msg timestamp="20210720 20:45:08.232" level="INFO">Typing text 'Tenorio' into text field 'id=lastname'.</msg>
<status status="PASS" starttime="20210720 20:45:08.232" endtime="20210720 20:45:08.362"/>
</kw>
<kw name="Input Text" library="SeleniumLibrary">
<arg>id=company</arg>
<arg>SIS</arg>
<doc>Types the given ``text`` into the text field identified by ``locator``.</doc>
<msg timestamp="20210720 20:45:08.363" level="INFO">Typing text 'SIS' into text field 'id=company'.</msg>
<status status="PASS" starttime="20210720 20:45:08.363" endtime="20210720 20:45:08.483"/>
</kw>
<kw name="Input Text" library="SeleniumLibrary">
<arg>id=address1</arg>
<arg>Rua Salvador, 463</arg>
<doc>Types the given ``text`` into the text field identified by ``locator``.</doc>
<msg timestamp="20210720 20:45:08.484" level="INFO">Typing text 'Rua Salvador, 463' into text field 'id=address1'.</msg>
<status status="PASS" starttime="20210720 20:45:08.484" endtime="20210720 20:45:08.637"/>
</kw>
<kw name="Input Text" library="SeleniumLibrary">
<arg>id=address2</arg>
<arg>Bairro Cajuru</arg>
<doc>Types the given ``text`` into the text field identified by ``locator``.</doc>
<msg timestamp="20210720 20:45:08.639" level="INFO">Typing text 'Bairro Cajuru' into text field 'id=address2'.</msg>
<status status="PASS" starttime="20210720 20:45:08.638" endtime="20210720 20:45:08.784"/>
</kw>
<kw name="Input Text" library="SeleniumLibrary">
<arg>id=city</arg>
<arg>Curitiba</arg>
<doc>Types the given ``text`` into the text field identified by ``locator``.</doc>
<msg timestamp="20210720 20:45:08.785" level="INFO">Typing text 'Curitiba' into text field 'id=city'.</msg>
<status status="PASS" starttime="20210720 20:45:08.785" endtime="20210720 20:45:08.898"/>
</kw>
<kw name="Select From List By Label" library="SeleniumLibrary">
<arg>id=id_state</arg>
<arg>Texas</arg>
<doc>Selects options from selection list ``locator`` by ``labels``.</doc>
<msg timestamp="20210720 20:45:08.899" level="INFO">Selecting options from selection list 'id=id_state' by label Texas.</msg>
<status status="PASS" starttime="20210720 20:45:08.898" endtime="20210720 20:45:08.998"/>
</kw>
<kw name="Input Text" library="SeleniumLibrary">
<arg>id=postcode</arg>
<arg>12345</arg>
<doc>Types the given ``text`` into the text field identified by ``locator``.</doc>
<msg timestamp="20210720 20:45:09.001" level="INFO">Typing text '12345' into text field 'id=postcode'.</msg>
<status status="PASS" starttime="20210720 20:45:09.000" endtime="20210720 20:45:09.117"/>
</kw>
<kw name="Select From List By Value" library="SeleniumLibrary">
<arg>id=id_country</arg>
<arg>21</arg>
<doc>Selects options from selection list ``locator`` by ``values``.</doc>
<msg timestamp="20210720 20:45:09.118" level="INFO">Selecting options from selection list 'id=id_country' by value 21.</msg>
<status status="PASS" starttime="20210720 20:45:09.117" endtime="20210720 20:45:09.178"/>
</kw>
<kw name="Input Text" library="SeleniumLibrary">
<arg>id=other</arg>
<arg>Teste teste teste</arg>
<doc>Types the given ``text`` into the text field identified by ``locator``.</doc>
<msg timestamp="20210720 20:45:09.179" level="INFO">Typing text 'Teste teste teste' into text field 'id=other'.</msg>
<status status="PASS" starttime="20210720 20:45:09.179" endtime="20210720 20:45:09.297"/>
</kw>
<kw name="Input Text" library="SeleniumLibrary">
<arg>id=phone_mobile</arg>
<arg>41991934361</arg>
<doc>Types the given ``text`` into the text field identified by ``locator``.</doc>
<msg timestamp="20210720 20:45:09.300" level="INFO">Typing text '41991934361' into text field 'id=phone_mobile'.</msg>
<status status="PASS" starttime="20210720 20:45:09.298" endtime="20210720 20:45:09.421"/>
</kw>
<kw name="Click Element" library="SeleniumLibrary">
<arg>id=submitAccount</arg>
<doc>Click the element identified by ``locator``.</doc>
<msg timestamp="20210720 20:45:09.423" level="INFO">Clicking element 'id=submitAccount'.</msg>
<status status="PASS" starttime="20210720 20:45:09.422" endtime="20210720 20:45:14.570"/>
</kw>
<kw name="Get Text" library="SeleniumLibrary">
<var>${Mensagem_Atual}</var>
<arg>xpath=//h1[@Class="page-heading"]</arg>
<doc>Returns the text value of the element identified by ``locator``.</doc>
<msg timestamp="20210720 20:45:14.605" level="INFO">${Mensagem_Atual} = MY ACCOUNT</msg>
<status status="PASS" starttime="20210720 20:45:14.572" endtime="20210720 20:45:14.606"/>
</kw>
<kw name="Should Be Equal" library="BuiltIn">
<arg>${Mensagem}</arg>
<arg>${Mensagem_Atual}</arg>
<doc>Fails if the given objects are unequal.</doc>
<status status="PASS" starttime="20210720 20:45:14.607" endtime="20210720 20:45:14.608"/>
</kw>
<kw name="Close Browser" library="SeleniumLibrary">
<doc>Closes the current browser.</doc>
<status status="PASS" starttime="20210720 20:45:14.608" endtime="20210720 20:45:16.824"/>
</kw>
<status status="PASS" starttime="20210720 20:44:35.011" endtime="20210720 20:45:16.825"/>
</test>
<status status="PASS" starttime="20210720 20:44:34.822" endtime="20210720 20:45:16.827"/>
</suite>
<statistics>
<total>
<stat pass="1" fail="0" skip="0">All Tests</stat>
</total>
<tag>
</tag>
<suite>
<stat pass="1" fail="0" skip="0" id="s1" name="Cadastro">Cadastro</stat>
</suite>
</statistics>
<errors>
</errors>
</robot>
